Start testing: Feb 02 07:42 EST
----------------------------------------------------------
1/2 Testing: test_data_queue
1/2 Test: test_data_queue
Command: "/home/brian/code/c_code/EventShareOS/test/TestDataQueue"
Directory: /home/brian/code/c_code/EventShareOS/test
"test_data_queue" start time: Feb 02 07:42 EST
Output:
----------------------------------------------------------
test_data_queue main
test_data_queue setUp
/home/brian/code/c_code/EventShareOS/test/tests/test_data_queue.c:186:test_queue_size_limit:PASS
test_data_queue setUp
/home/brian/code/c_code/EventShareOS/test/tests/test_data_queue.c:187:test_chunk_limit:PASS
test_data_queue setUp
/home/brian/code/c_code/EventShareOS/test/tests/test_data_queue.c:188:test_enqueue_dequeue:PASS
test_data_queue setUp
/home/brian/code/c_code/EventShareOS/test/tests/test_data_queue.c:189:test_enqueue_dequeue_bad_id:PASS
test_data_queue setUp
total_blocks 16 used_blocks 0 expected 12
total_blocks 16 used_blocks 12 free_blocks 4
/home/brian/code/c_code/EventShareOS/test/tests/test_data_queue.c:190:test_queue_size_count:PASS

-----------------------
5 Tests 0 Failures 0 Ignored 
OK
<end of output>
Test time =   0.00 sec
----------------------------------------------------------
Test Passed.
"test_data_queue" end time: Feb 02 07:42 EST
"test_data_queue" time elapsed: 00:00:00
----------------------------------------------------------

2/2 Testing: test_app_versioning
2/2 Test: test_app_versioning
Command: "/home/brian/code/c_code/EventShareOS/test/TestAppVersion"
Directory: /home/brian/code/c_code/EventShareOS/test
"test_app_versioning" start time: Feb 02 07:42 EST
Output:
----------------------------------------------------------
/home/brian/code/c_code/EventShareOS/test/tests/test_versioning.c:88:test_set_get_string:PASS
/home/brian/code/c_code/EventShareOS/test/tests/test_versioning.c:89:test_compare_number:PASS
/home/brian/code/c_code/EventShareOS/test/tests/test_versioning.c:90:test_compare_structs:PASS
/home/brian/code/c_code/EventShareOS/test/tests/test_versioning.c:91:test_get_app_version_struct:PASS

-----------------------
4 Tests 0 Failures 0 Ignored 
OK
<end of output>
Test time =   0.00 sec
----------------------------------------------------------
Test Passed.
"test_app_versioning" end time: Feb 02 07:42 EST
"test_app_versioning" time elapsed: 00:00:00
----------------------------------------------------------

End testing: Feb 02 07:42 EST
